2025-05-16 01:33:48 - CalculatorApp - INFO- Starting Calculator App
2025-05-16 01:33:48 - CalculatorApp - DEBUG- Adding 10 and 5 = 15
2025-05-16 01:33:48 - CalculatorApp - DEBUG- Subtracting 10 and 5 = 5
2025-05-16 01:33:48 - CalculatorApp - DEBUG- Multiplying 10 and 5 = 50
2025-05-16 01:33:48 - CalculatorApp - DEBUG- Dividing 10 and 5 = 2.0
2025-05-16 01:34:02 - CalculatorApp - INFO- Starting Calculator App
2025-05-16 01:34:02 - CalculatorApp - DEBUG- Adding 10 and 0 = 10
2025-05-16 01:34:02 - CalculatorApp - DEBUG- Subtracting 10 and 0 = 10
2025-05-16 01:34:02 - CalculatorApp - DEBUG- Multiplying 10 and 0 = 0
2025-05-16 01:34:02 - CalculatorApp - ERROR- Division by zero error
2025-05-16 01:34:39 - CalculatorApp - INFO- Starting Calculator App
2025-05-16 01:34:39 - CalculatorApp - DEBUG- Adding 10 and 0 = 10
2025-05-16 01:34:39 - CalculatorApp - DEBUG- Subtracting 10 and 0 = 10
2025-05-16 01:34:39 - CalculatorApp - DEBUG- Multiplying 10 and 0 = 0
2025-05-16 01:34:39 - CalculatorApp - ERROR- Division by zero error
2025-05-16 01:34:39 - CalculatorApp - INFO- Calculator App finished
2025-05-16 01:34:44 - CalculatorApp - INFO- Starting Calculator App
2025-05-16 01:34:44 - CalculatorApp - DEBUG- Adding 10 and 0 = 10
2025-05-16 01:34:44 - CalculatorApp - DEBUG- Subtracting 10 and 0 = 10
2025-05-16 01:34:44 - CalculatorApp - DEBUG- Multiplying 10 and 0 = 0
2025-05-16 01:34:44 - CalculatorApp - ERROR- Division by zero error
2025-05-16 01:34:44 - CalculatorApp - INFO- Calculator App finished
2025-05-16 01:34:44 - CalculatorApp - INFO- Starting Calculator App
2025-05-16 01:34:44 - CalculatorApp - DEBUG- Adding 10 and 0 = 10
2025-05-16 01:34:44 - CalculatorApp - DEBUG- Subtracting 10 and 0 = 10
2025-05-16 01:34:44 - CalculatorApp - DEBUG- Multiplying 10 and 0 = 0
2025-05-16 01:34:44 - CalculatorApp - ERROR- Division by zero error
2025-05-16 01:34:44 - CalculatorApp - INFO- Calculator App finished
2025-05-16 01:34:44 - CalculatorApp - INFO- Starting Calculator App
2025-05-16 01:34:44 - CalculatorApp - DEBUG- Adding 10 and 0 = 10
2025-05-16 01:34:44 - CalculatorApp - DEBUG- Subtracting 10 and 0 = 10
2025-05-16 01:34:44 - CalculatorApp - DEBUG- Multiplying 10 and 0 = 0
2025-05-16 01:34:44 - CalculatorApp - ERROR- Division by zero error
2025-05-16 01:34:44 - CalculatorApp - INFO- Calculator App finished
2025-05-16 01:35:18 - CalculatorApp - INFO- Starting Calculator App
2025-05-16 01:35:18 - CalculatorApp - DEBUG- Adding 10 and 50 = 60
2025-05-16 01:35:18 - CalculatorApp - DEBUG- Subtracting 10 and 50 = -40
2025-05-16 01:35:18 - CalculatorApp - DEBUG- Multiplying 10 and 50 = 500
2025-05-16 01:35:18 - CalculatorApp - DEBUG- Dividing 10 and 50 = 0.2
2025-05-16 01:35:18 - CalculatorApp - INFO- Calculator App finished
