2025-05-14 19:05:18 - root - DEBUG- This is a debug message
2025-05-14 19:05:18 - root - INFO- This is an info message
2025-05-14 19:05:18 - root - WARNING- This is a warning message
2025-05-14 19:05:18 - root - ERROR- This is an error message
2025-05-14 19:05:18 - root - CRITICAL- This is a critical message
2025-05-14 19:05:25 - root - DEBUG- This is a debug message
2025-05-14 19:05:25 - root - INFO- This is an info message
2025-05-14 19:05:25 - root - WARNING- This is a warning message
2025-05-14 19:05:25 - root - ERROR- This is an error message
2025-05-14 19:05:25 - root - CRITICAL- This is a critical message
2025-05-14 19:05:28 - root - DEBUG- This is a debug message
2025-05-14 19:05:28 - root - INFO- This is an info message
2025-05-14 19:05:28 - root - WARNING- This is a warning message
2025-05-14 19:05:28 - root - ERROR- This is an error message
2025-05-14 19:05:28 - root - CRITICAL- This is a critical message
2025-05-14 19:05:30 - root - DEBUG- This is a debug message
2025-05-14 19:05:30 - root - INFO- This is an info message
2025-05-14 19:05:30 - root - WARNING- This is a warning message
2025-05-14 19:05:30 - root - ERROR- This is an error message
2025-05-14 19:05:30 - root - CRITICAL- This is a critical message
2025-05-14 19:05:31 - root - DEBUG- This is a debug message
2025-05-14 19:05:31 - root - INFO- This is an info message
2025-05-14 19:05:31 - root - WARNING- This is a warning message
2025-05-14 19:05:31 - root - ERROR- This is an error message
2025-05-14 19:05:31 - root - CRITICAL- This is a critical message
2025-05-14 19:05:32 - root - DEBUG- This is a debug message
2025-05-14 19:05:32 - root - INFO- This is an info message
2025-05-14 19:05:32 - root - WARNING- This is a warning message
2025-05-14 19:05:32 - root - ERROR- This is an error message
2025-05-14 19:05:32 - root - CRITICAL- This is a critical message
2025-05-14 19:11:22 - root - DEBUG- This is a debug message
2025-05-14 19:11:22 - root - INFO- This is an info message
2025-05-14 19:11:22 - root - WARNING- This is a warning message
2025-05-14 19:11:22 - root - ERROR- This is an error message
2025-05-14 19:11:22 - root - CRITICAL- This is a critical message
2025-05-14 19:11:46 - root - DEBUG- This is a debug message
2025-05-14 19:11:46 - root - INFO- This is an info message
2025-05-14 19:11:46 - root - WARNING- This is a warning message
2025-05-14 19:11:46 - root - ERROR- This is an error message
2025-05-14 19:11:46 - root - CRITICAL- This is a critical message
