2025-05-17 13:48:26,356 - context_logger - DEBUG - This is a debug message from test_func - test_func - 16
2025-05-17 13:48:26,356 - context_logger - INFO - This is an info message from test_func - test_func - 17
2025-05-17 13:48:26,356 - context_logger - WARNING - This is a warning message from test_func - test_func - 18
2025-05-17 13:48:26,356 - context_logger - ERROR - This is an error message from test_func - test_func - 19
2025-05-17 13:48:26,356 - context_logger - CRITICAL - This is a critical message from test_func - test_func - 20
2025-05-17 13:51:02,731 - context_logger - DEBUG - This is a debug message from test_func - test_func - 18
2025-05-17 13:51:02,944 - context_logger - INFO - This is an info message from test_func - test_func - 19
2025-05-17 13:51:02,944 - context_logger - WARNING - This is a warning message from test_func - test_func - 20
2025-05-17 13:51:02,944 - context_logger - ERROR - This is an error message from test_func - test_func - 21
2025-05-17 13:51:02,944 - context_logger - CRITICAL - This is a critical message from test_func - test_func - 22
2025-05-17 13:51:59,466 - context_logger - DEBUG - This is a debug message from test_func - test_func - 21
2025-05-17 13:51:59,466 - context_logger - DEBUG - This is a debug message from test_func - test_func - 21 - user_id: pranoy123 - session_id: session_136e92980
2025-05-17 13:51:59,466 - context_logger - DEBUG - This is a debug message from test_func - test_func - 21 - user_id: pranoy123 - session_id: session_136e92980
2025-05-17 13:51:59,466 - context_logger - INFO - This is an info message from test_func - test_func - 22
2025-05-17 13:51:59,466 - context_logger - INFO - This is an info message from test_func - test_func - 22 - user_id: pranoy123 - session_id: session_136e92980
2025-05-17 13:51:59,466 - context_logger - INFO - This is an info message from test_func - test_func - 22 - user_id: pranoy123 - session_id: session_136e92980
2025-05-17 13:51:59,466 - context_logger - WARNING - This is a warning message from test_func - test_func - 23
2025-05-17 13:51:59,466 - context_logger - WARNING - This is a warning message from test_func - test_func - 23 - user_id: pranoy123 - session_id: session_136e92980
2025-05-17 13:51:59,466 - context_logger - WARNING - This is a warning message from test_func - test_func - 23 - user_id: pranoy123 - session_id: session_136e92980
2025-05-17 13:51:59,466 - context_logger - ERROR - This is an error message from test_func - test_func - 24
2025-05-17 13:51:59,466 - context_logger - ERROR - This is an error message from test_func - test_func - 24 - user_id: pranoy123 - session_id: session_136e92980
2025-05-17 13:51:59,466 - context_logger - ERROR - This is an error message from test_func - test_func - 24 - user_id: pranoy123 - session_id: session_136e92980
2025-05-17 13:51:59,466 - context_logger - CRITICAL - This is a critical message from test_func - test_func - 25
2025-05-17 13:51:59,466 - context_logger - CRITICAL - This is a critical message from test_func - test_func - 25 - user_id: pranoy123 - session_id: session_136e92980
2025-05-17 13:51:59,466 - context_logger - CRITICAL - This is a critical message from test_func - test_func - 25 - user_id: pranoy123 - session_id: session_136e92980
2025-05-17 13:52:15,436 - context_logger - DEBUG - This is a debug message from test_func - test_func - 16
2025-05-17 13:52:15,436 - context_logger - DEBUG - This is a debug message from test_func - test_func - 16
2025-05-17 13:52:15,444 - context_logger - INFO - This is an info message from test_func - test_func - 17
2025-05-17 13:52:15,444 - context_logger - INFO - This is an info message from test_func - test_func - 17
2025-05-17 13:52:15,447 - context_logger - WARNING - This is a warning message from test_func - test_func - 18
2025-05-17 13:52:15,447 - context_logger - WARNING - This is a warning message from test_func - test_func - 18
2025-05-17 13:52:15,450 - context_logger - ERROR - This is an error message from test_func - test_func - 19
2025-05-17 13:52:15,450 - context_logger - ERROR - This is an error message from test_func - test_func - 19
2025-05-17 13:52:15,452 - context_logger - CRITICAL - This is a critical message from test_func - test_func - 20
2025-05-17 13:52:15,452 - context_logger - CRITICAL - This is a critical message from test_func - test_func - 20
2025-05-17 13:52:17,290 - context_logger - DEBUG - This is a debug message from test_func - test_func - 21
2025-05-17 13:52:17,290 - context_logger - DEBUG - This is a debug message from test_func - test_func - 21 - user_id: pranoy123 - session_id: session_136e92980
2025-05-17 13:52:17,290 - context_logger - DEBUG - This is a debug message from test_func - test_func - 21 - user_id: pranoy123 - session_id: session_136e92980
2025-05-17 13:52:17,290 - context_logger - DEBUG - This is a debug message from test_func - test_func - 21
2025-05-17 13:52:17,290 - context_logger - DEBUG - This is a debug message from test_func - test_func - 21 - user_id: pranoy123 - session_id: session_136e92980
2025-05-17 13:52:17,290 - context_logger - INFO - This is an info message from test_func - test_func - 22
2025-05-17 13:52:17,290 - context_logger - INFO - This is an info message from test_func - test_func - 22 - user_id: pranoy123 - session_id: session_136e92980
2025-05-17 13:52:17,290 - context_logger - INFO - This is an info message from test_func - test_func - 22 - user_id: pranoy123 - session_id: session_136e92980
2025-05-17 13:52:17,290 - context_logger - INFO - This is an info message from test_func - test_func - 22
2025-05-17 13:52:17,290 - context_logger - INFO - This is an info message from test_func - test_func - 22 - user_id: pranoy123 - session_id: session_136e92980
2025-05-17 13:52:17,290 - context_logger - WARNING - This is a warning message from test_func - test_func - 23
2025-05-17 13:52:17,290 - context_logger - WARNING - This is a warning message from test_func - test_func - 23 - user_id: pranoy123 - session_id: session_136e92980
2025-05-17 13:52:17,290 - context_logger - WARNING - This is a warning message from test_func - test_func - 23 - user_id: pranoy123 - session_id: session_136e92980
2025-05-17 13:52:17,290 - context_logger - WARNING - This is a warning message from test_func - test_func - 23
2025-05-17 13:52:17,290 - context_logger - WARNING - This is a warning message from test_func - test_func - 23 - user_id: pranoy123 - session_id: session_136e92980
2025-05-17 13:52:17,290 - context_logger - ERROR - This is an error message from test_func - test_func - 24
2025-05-17 13:52:17,290 - context_logger - ERROR - This is an error message from test_func - test_func - 24 - user_id: pranoy123 - session_id: session_136e92980
2025-05-17 13:52:17,290 - context_logger - ERROR - This is an error message from test_func - test_func - 24 - user_id: pranoy123 - session_id: session_136e92980
2025-05-17 13:52:17,290 - context_logger - ERROR - This is an error message from test_func - test_func - 24
2025-05-17 13:52:17,290 - context_logger - ERROR - This is an error message from test_func - test_func - 24 - user_id: pranoy123 - session_id: session_136e92980
2025-05-17 13:52:17,290 - context_logger - CRITICAL - This is a critical message from test_func - test_func - 25
2025-05-17 13:52:17,290 - context_logger - CRITICAL - This is a critical message from test_func - test_func - 25 - user_id: pranoy123 - session_id: session_136e92980
2025-05-17 13:52:17,290 - context_logger - CRITICAL - This is a critical message from test_func - test_func - 25 - user_id: pranoy123 - session_id: session_136e92980
2025-05-17 13:52:17,290 - context_logger - CRITICAL - This is a critical message from test_func - test_func - 25
2025-05-17 13:52:17,290 - context_logger - CRITICAL - This is a critical message from test_func - test_func - 25 - user_id: pranoy123 - session_id: session_136e92980
2025-05-17 13:52:35,467 - context_logger - DEBUG - This is a debug message from test_func - test_func - 16
2025-05-17 13:52:35,467 - context_logger - DEBUG - This is a debug message from test_func - test_func - 16
2025-05-17 13:52:35,467 - context_logger - DEBUG - This is a debug message from test_func - test_func - 16
2025-05-17 13:52:35,477 - context_logger - INFO - This is an info message from test_func - test_func - 17
2025-05-17 13:52:35,477 - context_logger - INFO - This is an info message from test_func - test_func - 17
2025-05-17 13:52:35,477 - context_logger - INFO - This is an info message from test_func - test_func - 17
2025-05-17 13:52:35,479 - context_logger - WARNING - This is a warning message from test_func - test_func - 18
2025-05-17 13:52:35,479 - context_logger - WARNING - This is a warning message from test_func - test_func - 18
2025-05-17 13:52:35,479 - context_logger - WARNING - This is a warning message from test_func - test_func - 18
2025-05-17 13:52:35,481 - context_logger - ERROR - This is an error message from test_func - test_func - 19
2025-05-17 13:52:35,481 - context_logger - ERROR - This is an error message from test_func - test_func - 19
2025-05-17 13:52:35,481 - context_logger - ERROR - This is an error message from test_func - test_func - 19
2025-05-17 13:52:35,483 - context_logger - CRITICAL - This is a critical message from test_func - test_func - 20
2025-05-17 13:52:35,483 - context_logger - CRITICAL - This is a critical message from test_func - test_func - 20
2025-05-17 13:52:35,483 - context_logger - CRITICAL - This is a critical message from test_func - test_func - 20
2025-05-17 13:52:55,173 - context_logger - DEBUG - This is a debug message from test_func - test_func - 16
2025-05-17 13:52:55,173 - context_logger - DEBUG - This is a debug message from test_func - test_func - 16
2025-05-17 13:52:55,173 - context_logger - DEBUG - This is a debug message from test_func - test_func - 16
2025-05-17 13:52:55,176 - context_logger - INFO - This is an info message from test_func - test_func - 17
2025-05-17 13:52:55,176 - context_logger - INFO - This is an info message from test_func - test_func - 17
2025-05-17 13:52:55,176 - context_logger - INFO - This is an info message from test_func - test_func - 17
2025-05-17 13:52:55,181 - context_logger - WARNING - This is a warning message from test_func - test_func - 18
2025-05-17 13:52:55,181 - context_logger - WARNING - This is a warning message from test_func - test_func - 18
2025-05-17 13:52:55,181 - context_logger - WARNING - This is a warning message from test_func - test_func - 18
2025-05-17 13:52:55,184 - context_logger - ERROR - This is an error message from test_func - test_func - 19
2025-05-17 13:52:55,184 - context_logger - ERROR - This is an error message from test_func - test_func - 19
2025-05-17 13:52:55,184 - context_logger - ERROR - This is an error message from test_func - test_func - 19
2025-05-17 13:52:55,184 - context_logger - CRITICAL - This is a critical message from test_func - test_func - 20
2025-05-17 13:52:55,184 - context_logger - CRITICAL - This is a critical message from test_func - test_func - 20
2025-05-17 13:52:55,184 - context_logger - CRITICAL - This is a critical message from test_func - test_func - 20
2025-05-17 13:52:57,005 - context_logger - DEBUG - This is a debug message from test_func - test_func - 21
2025-05-17 13:52:57,005 - context_logger - DEBUG - This is a debug message from test_func - test_func - 21 - user_id: pranoy123 - session_id: session_136e92980
2025-05-17 13:52:57,005 - context_logger - DEBUG - This is a debug message from test_func - test_func - 21 - user_id: pranoy123 - session_id: session_136e92980
2025-05-17 13:52:57,005 - context_logger - DEBUG - This is a debug message from test_func - test_func - 21
2025-05-17 13:52:57,005 - context_logger - DEBUG - This is a debug message from test_func - test_func - 21 - user_id: pranoy123 - session_id: session_136e92980
2025-05-17 13:52:57,005 - context_logger - DEBUG - This is a debug message from test_func - test_func - 21
2025-05-17 13:52:57,005 - context_logger - INFO - This is an info message from test_func - test_func - 22
2025-05-17 13:52:57,005 - context_logger - INFO - This is an info message from test_func - test_func - 22 - user_id: pranoy123 - session_id: session_136e92980
2025-05-17 13:52:57,005 - context_logger - INFO - This is an info message from test_func - test_func - 22 - user_id: pranoy123 - session_id: session_136e92980
2025-05-17 13:52:57,005 - context_logger - INFO - This is an info message from test_func - test_func - 22
2025-05-17 13:52:57,005 - context_logger - INFO - This is an info message from test_func - test_func - 22 - user_id: pranoy123 - session_id: session_136e92980
2025-05-17 13:52:57,005 - context_logger - INFO - This is an info message from test_func - test_func - 22
2025-05-17 13:52:57,005 - context_logger - WARNING - This is a warning message from test_func - test_func - 23
2025-05-17 13:52:57,005 - context_logger - WARNING - This is a warning message from test_func - test_func - 23 - user_id: pranoy123 - session_id: session_136e92980
2025-05-17 13:52:57,005 - context_logger - WARNING - This is a warning message from test_func - test_func - 23 - user_id: pranoy123 - session_id: session_136e92980
2025-05-17 13:52:57,005 - context_logger - WARNING - This is a warning message from test_func - test_func - 23
2025-05-17 13:52:57,005 - context_logger - WARNING - This is a warning message from test_func - test_func - 23 - user_id: pranoy123 - session_id: session_136e92980
2025-05-17 13:52:57,005 - context_logger - WARNING - This is a warning message from test_func - test_func - 23
2025-05-17 13:52:57,007 - context_logger - ERROR - This is an error message from test_func - test_func - 24
2025-05-17 13:52:57,007 - context_logger - ERROR - This is an error message from test_func - test_func - 24 - user_id: pranoy123 - session_id: session_136e92980
2025-05-17 13:52:57,007 - context_logger - ERROR - This is an error message from test_func - test_func - 24 - user_id: pranoy123 - session_id: session_136e92980
2025-05-17 13:52:57,007 - context_logger - ERROR - This is an error message from test_func - test_func - 24
2025-05-17 13:52:57,007 - context_logger - ERROR - This is an error message from test_func - test_func - 24 - user_id: pranoy123 - session_id: session_136e92980
2025-05-17 13:52:57,007 - context_logger - ERROR - This is an error message from test_func - test_func - 24
2025-05-17 13:52:57,007 - context_logger - CRITICAL - This is a critical message from test_func - test_func - 25
2025-05-17 13:52:57,007 - context_logger - CRITICAL - This is a critical message from test_func - test_func - 25 - user_id: pranoy123 - session_id: session_136e92980
2025-05-17 13:52:57,007 - context_logger - CRITICAL - This is a critical message from test_func - test_func - 25 - user_id: pranoy123 - session_id: session_136e92980
2025-05-17 13:52:57,007 - context_logger - CRITICAL - This is a critical message from test_func - test_func - 25
2025-05-17 13:52:57,007 - context_logger - CRITICAL - This is a critical message from test_func - test_func - 25 - user_id: pranoy123 - session_id: session_136e92980
2025-05-17 13:52:57,007 - context_logger - CRITICAL - This is a critical message from test_func - test_func - 25
